<?xml version="1.0" encoding="UTF-8"?>
<!-- Generated by org.testng.reporters.JUnitReportReporter -->
<testsuite hostname="LAPTOP-CK4G89C4" failures="0" tests="4" name="testCases.HomePageTest" time="3.212" errors="0" timestamp="2025-02-15T15:58:32 IST" skipped="0">
  <testcase classname="testCases.HomePageTest" name="select_stock" time="0.795"/>
  <testcase classname="testCases.HomePageTest" name="verifyStockPrice" time="1.857"/>
  <testcase classname="testCases.HomePageTest" name="capturePreviousClose" time="0.179"/>
  <testcase classname="testCases.HomePageTest" name="captureVolume" time="0.381"/>
</testsuite> <!-- testCases.HomePageTest -->
