<?xml version="1.0" encoding="UTF-8"?>
<!-- Generated by org.testng.reporters.JUnitReportReporter -->
<testsuite hostname="LAPTOP-CK4G89C4" failures="0" tests="4" name="testCases.StockPageTest" time="3.237" errors="0" timestamp="2025-02-15T16:15:29 IST" skipped="0">
  <testcase classname="testCases.StockPageTest" name="selectStock" time="0.813"/>
  <testcase classname="testCases.StockPageTest" name="verifyStockPrice" time="2.326"/>
  <testcase classname="testCases.StockPageTest" name="capturePreviousClose" time="0.080"/>
  <testcase classname="testCases.StockPageTest" name="captureVolume" time="0.018"/>
</testsuite> <!-- testCases.StockPageTest -->
